<?xml version="1.0" encoding="UTF-8"?>
<!-- Generated by org.testng.reporters.JUnitReportReporter -->
<testsuite hostname="BLR-8M6P0F3-L" failures="0" tests="1" name="runner.TC01_LoginPage" time="9.757" errors="0" timestamp="08 Nov 2023 04:06:19 GMT" skipped="0">
  <testcase classname="runner.TC01_LoginPage" name="runScenario" time="9.757"/>
</testsuite> <!-- runner.TC01_LoginPage -->
